Determining if the pthread_create exist failed with the following output:
Change Dir: /home/mohammad/Diamond_SF/collector_ws/build/CMakeFiles/CMakeTmp

Run Build Command:"/usr/bin/make" "cmTC_fcfd5/fast"
/usr/bin/make -f CMakeFiles/cmTC_fcfd5.dir/build.make CMakeFiles/cmTC_fcfd5.dir/build
make[1]: Entering directory '/home/mohammad/Diamond_SF/collector_ws/build/CMakeFiles/CMakeTmp'
Building C object CMakeFiles/cmTC_fcfd5.dir/CheckSymbolExists.c.o
/usr/bin/cc    -o CMakeFiles/cmTC_fcfd5.dir/CheckSymbolExists.c.o   -c /home/mohammad/Diamond_SF/collector_ws/build/CMakeFiles/CMakeTmp/CheckSymbolExists.c
Linking C executable cmTC_fcfd5
/usr/bin/cmake -E cmake_link_script CMakeFiles/cmTC_fcfd5.dir/link.txt --verbose=1
/usr/bin/cc      -rdynamic CMakeFiles/cmTC_fcfd5.dir/CheckSymbolExists.c.o  -o cmTC_fcfd5 
CMakeFiles/cmTC_fcfd5.dir/CheckSymbolExists.c.o: In function `main':
CheckSymbolExists.c:(.text+0x1b): undefined reference to `pthread_create'
collect2: error: ld returned 1 exit status
CMakeFiles/cmTC_fcfd5.dir/build.make:97: recipe for target 'cmTC_fcfd5' failed
make[1]: *** [cmTC_fcfd5] Error 1
make[1]: Leaving directory '/home/mohammad/Diamond_SF/collector_ws/build/CMakeFiles/CMakeTmp'
Makefile:126: recipe for target 'cmTC_fcfd5/fast' failed
make: *** [cmTC_fcfd5/fast] Error 2

File /home/mohammad/Diamond_SF/collector_ws/build/CMakeFiles/CMakeTmp/CheckSymbolExists.c:
/* */
#include <pthread.h>

int main(int argc, char** argv)
{
  (void)argv;
#ifndef pthread_create
  return ((int*)(&pthread_create))[argc];
#else
  (void)argc;
  return 0;
#endif
}

Determining if the function pthread_create exists in the pthreads failed with the following output:
Change Dir: /home/mohammad/Diamond_SF/collector_ws/build/CMakeFiles/CMakeTmp

Run Build Command:"/usr/bin/make" "cmTC_ff34d/fast"
/usr/bin/make -f CMakeFiles/cmTC_ff34d.dir/build.make CMakeFiles/cmTC_ff34d.dir/build
make[1]: Entering directory '/home/mohammad/Diamond_SF/collector_ws/build/CMakeFiles/CMakeTmp'
Building C object CMakeFiles/cmTC_ff34d.dir/CheckFunctionExists.c.o
/usr/bin/cc   -DCHECK_FUNCTION_EXISTS=pthread_create   -o CMakeFiles/cmTC_ff34d.dir/CheckFunctionExists.c.o   -c /usr/share/cmake-3.10/Modules/CheckFunctionExists.c
Linking C executable cmTC_ff34d
/usr/bin/cmake -E cmake_link_script CMakeFiles/cmTC_ff34d.dir/link.txt --verbose=1
/usr/bin/cc  -DCHECK_FUNCTION_EXISTS=pthread_create    -rdynamic CMakeFiles/cmTC_ff34d.dir/CheckFunctionExists.c.o  -o cmTC_ff34d -lpthreads 
/usr/bin/ld: cannot find -lpthreads
collect2: error: ld returned 1 exit status
CMakeFiles/cmTC_ff34d.dir/build.make:97: recipe for target 'cmTC_ff34d' failed
make[1]: *** [cmTC_ff34d] Error 1
make[1]: Leaving directory '/home/mohammad/Diamond_SF/collector_ws/build/CMakeFiles/CMakeTmp'
Makefile:126: recipe for target 'cmTC_ff34d/fast' failed
make: *** [cmTC_ff34d/fast] Error 2


